2025-03-26 13:15:22,628 - INFO - Created file: test.txt
2025-03-26 13:15:38,122 - INFO - Copied test.txt to test_copy.txt
2025-03-26 13:37:38,595 - INFO - Configuration loaded successfully
2025-03-26 13:37:50,688 - INFO - Created file: old.txt
2025-03-26 13:38:04,924 - INFO - Renamed old.txt to new.txt
2025-03-26 13:38:15,833 - INFO - Viewed file: new.txt
2025-03-26 13:38:29,403 - INFO - Viewed file: new.txt
2025-03-26 13:39:41,332 - INFO - Deleted: new.txt
2025-03-26 14:06:48,045 - INFO - Configuration loaded successfully
2025-03-26 14:06:55,093 - INFO - Searched for 'txt' - found 0 matches
2025-03-26 14:07:06,617 - INFO - Created file: test.txt
2025-03-26 14:07:08,317 - INFO - Searched for 'txt' - found 1 matches
2025-03-26 14:07:15,594 - INFO - Viewed permissions for: test.txt
2025-03-26 14:07:28,842 - INFO - Viewed permissions for: test.txt
2025-03-26 14:08:02,038 - INFO - Deleted: test.txt
2025-03-26 14:39:22,818 - INFO - Configuration loaded successfully
2025-03-26 14:40:06,394 - INFO - Edited file: test.txt
2025-03-26 14:40:49,664 - INFO - Renamed test.txt to test1.txt
2025-03-26 14:43:17,121 - INFO - Configuration loaded successfully
2025-03-26 14:43:23,737 - INFO - Deleted: test1.txt
2025-03-26 14:43:58,905 - INFO - Configuration loaded successfully
2025-03-26 15:18:45,380 - INFO - Configuration loaded successfully
2025-03-26 15:18:45,381 - ERROR - Failed to load/validate config: Missing config keys: {'max_size', 'min_size'}
2025-03-26 15:20:48,007 - INFO - Configuration loaded successfully
2025-03-26 15:20:48,007 - ERROR - Failed to load/validate config: Missing config keys: {'min_size', 'max_size'}
2025-03-26 15:21:27,898 - INFO - Configuration loaded successfully
2025-03-26 15:21:27,899 - ERROR - Failed to load/validate config: Missing config keys: {'max_size', 'min_size'}
2025-03-26 15:51:55,737 - INFO - Configuration loaded successfully
2025-03-26 15:51:55,737 - INFO - Configuration validated successfully
2025-03-26 15:52:04,138 - INFO - Created file: file.txt
2025-03-26 15:52:22,554 - ERROR - Failed to move file.txt to /logs: [Errno 13] Permission denied: 'C:\\logs'
2025-03-26 15:52:27,731 - INFO - Moved file.txt to logs/
2025-03-26 15:52:52,142 - INFO - Deleted: file.txt
2025-03-26 15:53:09,865 - INFO - Changed directory to: C:\Users\hakob\Docs\Projects\cli\Fyle\logs
2025-03-26 15:53:15,201 - INFO - Deleted: file.txt
2025-03-26 15:59:08,945 - INFO - Configuration loaded successfully
2025-03-26 15:59:08,946 - INFO - Configuration validated successfully
